<?xml version="1.0" encoding="UTF-8"?>
<testng-results skipped="0" failed="0" ignored="0" total="1" passed="1">
  <reporter-output>
  </reporter-output>
  <suite name="Default suite" duration-ms="253340" started-at="2020-03-15T14:33:54Z" finished-at="2020-03-15T14:38:07Z">
    <groups>
    </groups>
    <test name="Default test" duration-ms="253340" started-at="2020-03-15T14:33:54Z" finished-at="2020-03-15T14:38:07Z">
      <class name="search.TC_0001">
        <test-method status="PASS" signature="upload()[pri:0, instance:search.TC_0001@26653222]" name="upload" duration-ms="253252" started-at="2020-03-15T14:33:54Z" finished-at="2020-03-15T14:38:07Z">
          <reporter-output>
          </reporter-output>
        </test-method> <!-- upload -->
      </class> <!-- search.TC_0001 -->
    </test> <!-- Default test -->
  </suite> <!-- Default suite -->
</testng-results>
